<?xml version="1.0" encoding="UTF-8"?>
<testsuite xmlns:xsi="http://www.w3.org/2001/XMLSchema-instance" xsi:noNamespaceSchemaLocation="https://maven.apache.org/surefire/maven-surefire-plugin/xsd/surefire-test-report.xsd" version="3.0.2" name="com.itm.ecosurprise.EcoSurpriseApplicationTests" time="10.968" tests="1" errors="0" skipped="0" failures="0">
  <properties>
[...]
</properties>
  <testcase name="contextLoads" classname="com.itm.ecosurprise.EcoSurpriseApplicationTests" time="1.097">
    <system-out><![CDATA[16:46:24.263 [main] INFO org.springframework.test.context.support.AnnotationConfigContextLoaderUtils -- Could not detect default configuration classes for test class [com.itm.ecosurprise.EcoSurpriseApplicationTests]: EcoSurpriseApplicationTests does not declare any static, non-private, non-final, nested classes annotated with @Configuration.
16:46:24.474 [main] INFO org.springframework.boot.test.context.SpringBootTestContextBootstrapper -- Found @SpringBootConfiguration com.itm.ecosurprise.EcoSurpriseApplication for test class com.itm.ecosurprise.EcoSurpriseApplicationTests
16:46:24.809 [main] INFO org.springframework.boot.devtools.restart.RestartApplicationListener -- Restart disabled due to context in which it is running

  .   ____          _            __ _ _
 /\\ / ___'_ __ _ _(_)_ __  __ _ \ \ \ \
( ( )\___ | '_ | '_| | '_ \/ _` | \ \ \ \
 \\/  ___)| |_)| | | | | || (_| |  ) ) ) )
  '  |____| .__|_| |_|_| |_\__, | / / / /
 =========|_|==============|___/=/_/_/_/

 :: Spring Boot ::                (v3.4.4)

2025-04-18T16:46:25.408-05:00  INFO 17684 --- [copiaecosurprise] [           main] c.i.e.EcoSurpriseApplicationTests        : Starting EcoSurpriseApplicationTests using Java 21.0.6 with PID 17684 (started by User in C:\Users\User\Documents\Documents\EcoSurprise\Backend\EcoSurprise)
2025-04-18T16:46:25.412-05:00  INFO 17684 --- [copiaecosurprise] [           main] c.i.e.EcoSurpriseApplicationTests        : No active profile set, falling back to 1 default profile: "default"
2025-04-18T16:46:26.822-05:00  INFO 17684 --- [copiaecosurprise] [           main] .s.d.r.c.RepositoryConfigurationDelegate : Bootstrapping Spring Data JPA repositories in DEFAULT mode.
2025-04-18T16:46:27.026-05:00  INFO 17684 --- [copiaecosurprise] [           main] .s.d.r.c.RepositoryConfigurationDelegate : Finished Spring Data repository scanning in 176 ms. Found 16 JPA repository interfaces.
2025-04-18T16:46:27.893-05:00  INFO 17684 --- [copiaecosurprise] [           main] o.hibernate.jpa.internal.util.LogHelper  : HHH000204: Processing PersistenceUnitInfo [name: default]
2025-04-18T16:46:28.028-05:00  INFO 17684 --- [copiaecosurprise] [           main] org.hibernate.Version                    : HHH000412: Hibernate ORM core version 6.6.11.Final
2025-04-18T16:46:28.112-05:00  INFO 17684 --- [copiaecosurprise] [           main] o.h.c.internal.RegionFactoryInitiator    : HHH000026: Second-level cache disabled
2025-04-18T16:46:28.793-05:00  INFO 17684 --- [copiaecosurprise] [           main] o.s.o.j.p.SpringPersistenceUnitInfo      : No LoadTimeWeaver setup: ignoring JPA class transformer
2025-04-18T16:46:28.849-05:00  INFO 17684 --- [copiaecosurprise] [           main] com.zaxxer.hikari.HikariDataSource       : HikariPool-1 - Starting...
2025-04-18T16:46:29.660-05:00  INFO 17684 --- [copiaecosurprise] [           main] com.zaxxer.hikari.pool.HikariPool        : HikariPool-1 - Added connection com.mysql.cj.jdbc.ConnectionImpl@9dc782d
2025-04-18T16:46:29.666-05:00  INFO 17684 --- [copiaecosurprise] [           main] com.zaxxer.hikari.HikariDataSource       : HikariPool-1 - Start completed.
2025-04-18T16:46:29.818-05:00  WARN 17684 --- [copiaecosurprise] [           main] org.hibernate.orm.deprecation            : HHH90000025: MySQL8Dialect does not need to be specified explicitly using 'hibernate.dialect' (remove the property setting and it will be selected by default)
2025-04-18T16:46:29.820-05:00  WARN 17684 --- [copiaecosurprise] [           main] org.hibernate.orm.deprecation            : HHH90000026: MySQL8Dialect has been deprecated; use org.hibernate.dialect.MySQLDialect instead
2025-04-18T16:46:29.871-05:00  INFO 17684 --- [copiaecosurprise] [           main] org.hibernate.orm.connections.pooling    : HHH10001005: Database info:
	Database JDBC URL [Connecting through datasource 'HikariDataSource (HikariPool-1)']
	Database driver: undefined/unknown
	Database version: 8.0
	Autocommit mode: undefined/unknown
	Isolation level: undefined/unknown
	Minimum pool size: undefined/unknown
	Maximum pool size: undefined/unknown
2025-04-18T16:46:31.904-05:00  INFO 17684 --- [copiaecosurprise] [           main] o.h.e.t.j.p.i.JtaPlatformInitiator       : HHH000489: No JTA platform available (set 'hibernate.transaction.jta.platform' to enable JTA platform integration)
2025-04-18T16:46:32.149-05:00  INFO 17684 --- [copiaecosurprise] [           main] j.LocalContainerEntityManagerFactoryBean : Initialized JPA EntityManagerFactory for persistence unit 'default'
2025-04-18T16:46:32.985-05:00  WARN 17684 --- [copiaecosurprise] [           main] JpaBaseConfiguration$JpaWebConfiguration : spring.jpa.open-in-view is enabled by default. Therefore, database queries may be performed during view rendering. Explicitly configure spring.jpa.open-in-view to disable this warning
2025-04-18T16:46:33.871-05:00  INFO 17684 --- [copiaecosurprise] [           main] c.i.e.EcoSurpriseApplicationTests        : Started EcoSurpriseApplicationTests in 9.091 seconds (process running for 10.818)
]]></system-out>
    <system-err><![CDATA[Mockito is currently self-attaching to enable the inline-mock-maker. This will no longer work in future releases of the JDK. Please add Mockito as an agent to your build what is described in Mockito's documentation: https://javadoc.io/doc/org.mockito/mockito-core/latest/org/mockito/Mockito.html#0.3
WARNING: A Java agent has been loaded dynamically (C:\Users\User\.m2\repository\net\bytebuddy\byte-buddy-agent\1.15.11\byte-buddy-agent-1.15.11.jar)
WARNING: If a serviceability tool is in use, please run with -XX:+EnableDynamicAgentLoading to hide this warning
WARNING: If a serviceability tool is not in use, please run with -Djdk.instrument.traceUsage for more information
WARNING: Dynamic loading of agents will be disallowed by default in a future release
]]></system-err>
  </testcase>
</testsuite>