<?xml version="1.0" encoding="UTF-8"?>
<testsuite xmlns:xsi="http://www.w3.org/2001/XMLSchema-instance" xsi:noNamespaceSchemaLocation="https://maven.apache.org/surefire/maven-surefire-plugin/xsd/surefire-test-report.xsd" version="3.0.2" name="com.itm.ecosurprise.EcoSurpriseApplicationTests" time="8.021" tests="1" errors="0" skipped="0" failures="0">
  <properties>
[...]
</properties>
  <testcase name="contextLoads" classname="com.itm.ecosurprise.EcoSurpriseApplicationTests" time="0.535">
    <system-out><![CDATA[17:48:17.731 [main] INFO org.springframework.test.context.support.AnnotationConfigContextLoaderUtils -- Could not detect default configuration classes for test class [com.itm.ecosurprise.EcoSurpriseApplicationTests]: EcoSurpriseApplicationTests does not declare any static, non-private, non-final, nested classes annotated with @Configuration.
17:48:17.910 [main] INFO org.springframework.boot.test.context.SpringBootTestContextBootstrapper -- Found @SpringBootConfiguration com.itm.ecosurprise.EcoSurpriseApplication for test class com.itm.ecosurprise.EcoSurpriseApplicationTests
17:48:18.147 [main] INFO org.springframework.boot.devtools.restart.RestartApplicationListener -- Restart disabled due to context in which it is running

  .   ____          _            __ _ _
 /\\ / ___'_ __ _ _(_)_ __  __ _ \ \ \ \
( ( )\___ | '_ | '_| | '_ \/ _` | \ \ \ \
 \\/  ___)| |_)| | | | | || (_| |  ) ) ) )
  '  |____| .__|_| |_|_| |_\__, | / / / /
 =========|_|==============|___/=/_/_/_/

 :: Spring Boot ::                (v3.4.4)

17:48:18.655 INFO  c.i.e.EcoSurpriseApplicationTests - Starting EcoSurpriseApplicationTests using Java 21.0.7 with PID 78607 (started by yeison in /home/yeison/Documentos/Back-eco)
17:48:18.657 INFO  c.i.e.EcoSurpriseApplicationTests - No active profile set, falling back to 1 default profile: "default"
17:48:21.289 WARN  org.hibernate.orm.deprecation - HHH90000025: MySQLDialect does not need to be specified explicitly using 'hibernate.dialect' (remove the property setting and it will be selected by default)
17:48:24.025 WARN  o.s.b.a.s.s.UserDetailsServiceAutoConfiguration - 

Using generated security password: 8108d40e-8bfd-41d3-81fe-e48546da0ab7

This generated password is for development use only. Your security configuration must be updated before running your application in production.

17:48:25.014 INFO  c.i.e.EcoSurpriseApplicationTests - Started EcoSurpriseApplicationTests in 6.881 seconds (process running for 8.997)
]]></system-out>
    <system-err><![CDATA[Mockito is currently self-attaching to enable the inline-mock-maker. This will no longer work in future releases of the JDK. Please add Mockito as an agent to your build what is described in Mockito's documentation: https://javadoc.io/doc/org.mockito/mockito-core/latest/org/mockito/Mockito.html#0.3
WARNING: A Java agent has been loaded dynamically (/home/yeison/.m2/repository/net/bytebuddy/byte-buddy-agent/1.15.11/byte-buddy-agent-1.15.11.jar)
WARNING: If a serviceability tool is in use, please run with -XX:+EnableDynamicAgentLoading to hide this warning
WARNING: If a serviceability tool is not in use, please run with -Djdk.instrument.traceUsage for more information
WARNING: Dynamic loading of agents will be disallowed by default in a future release
]]></system-err>
  </testcase>
</testsuite>